Build started 23-10-2023 18:32:12.
     1>Project "C:\Users\Risheek\Desktop\234101042_HMM\234101042_HMM3\234101042_HMM3\234101042_HMM3.vcxproj" on node 2 (build target(s)).
     1>InitializeBuildStatus:
         Creating "Debug\234101042_HMM3.unsuccessfulbuild" because "AlwaysCreate" was specified.
       ClCompile:
         All outputs are up-to-date.
         C:\Program Files (x86)\Microsoft Visual Studio 10.0\VC\bin\CL.exe /c /ZI /nologo /W3 /WX- /Od /Oy- /D WIN32 /D _DEBUG /D _CONSOLE /D _UNICODE /D UNICODE /Gm /EHsc /RTC1 /MDd /GS /fp:precise /Zc:wchar_t /Zc:forScope /Yu"StdAfx.h" /Fp"Debug\234101042_HMM3.pch" /Fo"Debug\\" /Fd"Debug\vc100.pdb" /Gd /TP /analyze- /errorReport:prompt 234101042_HMM3.cpp
         234101042_HMM3.cpp
     1>c:\users\risheek\desktop\234101042_hmm\234101042_hmm3\234101042_hmm3\234101042_hmm3.cpp(200): warning C4018: '<' : signed/unsigned mismatch
     1>c:\users\risheek\desktop\234101042_hmm\234101042_hmm3\234101042_hmm3\234101042_hmm3.cpp(204): warning C4018: '<' : signed/unsigned mismatch
     1>c:\users\risheek\desktop\234101042_hmm\234101042_hmm3\234101042_hmm3\234101042_hmm3.cpp(206): warning C4018: '<' : signed/unsigned mismatch
     1>c:\users\risheek\desktop\234101042_hmm\234101042_hmm3\234101042_hmm3\234101042_hmm3.cpp(215): warning C4018: '<' : signed/unsigned mismatch
     1>c:\users\risheek\desktop\234101042_hmm\234101042_hmm3\234101042_hmm3\234101042_hmm3.cpp(226): warning C4018: '<' : signed/unsigned mismatch
     1>c:\users\risheek\desktop\234101042_hmm\234101042_hmm3\234101042_hmm3\234101042_hmm3.cpp(238): warning C4018: '<' : signed/unsigned mismatch
       ManifestResourceCompile:
         All outputs are up-to-date.
       Link:
         C:\Program Files (x86)\Microsoft Visual Studio 10.0\VC\bin\link.exe /ERRORREPORT:PROMPT /OUT:"C:\Users\Risheek\Desktop\234101042_HMM\234101042_HMM3\Debug\234101042_HMM3.exe" /INCREMENTAL /NOLOGO kernel32.lib user32.lib gdi32.lib winspool.lib comdlg32.lib advapi32.lib shell32.lib ole32.lib oleaut32.lib uuid.lib odbc32.lib odbccp32.lib /MANIFEST /ManifestFile:"Debug\234101042_HMM3.exe.intermediate.manifest" /MANIFESTUAC:"level='asInvoker' uiAccess='false'" /DEBUG /PDB:"C:\Users\Risheek\Desktop\234101042_HMM\234101042_HMM3\Debug\234101042_HMM3.pdb" /SUBSYSTEM:CONSOLE /TLBID:1 /DYNAMICBASE /NXCOMPAT /IMPLIB:"C:\Users\Risheek\Desktop\234101042_HMM\234101042_HMM3\Debug\234101042_HMM3.lib" /MACHINE:X86 Debug\234101042_HMM3.exe.embed.manifest.res
         Debug\234101042_HMM3.obj
         Debug\stdafx.obj
       Manifest:
         C:\Program Files (x86)\Microsoft SDKs\Windows\v7.0A\bin\mt.exe /nologo /verbose /out:"Debug\234101042_HMM3.exe.embed.manifest" /manifest Debug\234101042_HMM3.exe.intermediate.manifest
         All outputs are up-to-date.
       LinkEmbedManifest:
         All outputs are up-to-date.
         234101042_HMM3.vcxproj -> C:\Users\Risheek\Desktop\234101042_HMM\234101042_HMM3\Debug\234101042_HMM3.exe
       FinalizeBuildStatus:
         Deleting file "Debug\234101042_HMM3.unsuccessfulbuild".
         Touching "Debug\234101042_HMM3.lastbuildstate".
     1>Done Building Project "C:\Users\Risheek\Desktop\234101042_HMM\234101042_HMM3\234101042_HMM3\234101042_HMM3.vcxproj" (build target(s)).

Build succeeded.

Time Elapsed 00:00:01.81
